c:\dev\cohort11-public\classes\programming ii\fieagameengine\source\library\obj\win32\debug\libraryd.pch
c:\dev\cohort11-public\classes\programming ii\fieagameengine\source\library\bin\win32\debug\libraryd.pdb
c:\dev\cohort11-public\classes\programming ii\fieagameengine\source\library\bin\win32\debug\libraryd.idb
c:\dev\cohort11-public\classes\programming ii\fieagameengine\source\library\obj\win32\debug\pch.obj
c:\dev\cohort11-public\classes\programming ii\fieagameengine\source\library\obj\win32\debug\datum.obj
c:\dev\cohort11-public\classes\programming ii\fieagameengine\source\library\obj\win32\debug\entity.obj
c:\dev\cohort11-public\classes\programming ii\fieagameengine\source\library\obj\win32\debug\event.obj
c:\dev\cohort11-public\classes\programming ii\fieagameengine\source\library\obj\win32\debug\eventmessageattributed.obj
c:\dev\cohort11-public\classes\programming ii\fieagameengine\source\library\obj\win32\debug\foo.obj
c:\dev\cohort11-public\classes\programming ii\fieagameengine\source\library\obj\win32\debug\gameclock.obj
c:\dev\cohort11-public\classes\programming ii\fieagameengine\source\library\obj\win32\debug\gametime.obj
c:\dev\cohort11-public\classes\programming ii\fieagameengine\source\library\obj\win32\debug\ixmlparsehelper.obj
c:\dev\cohort11-public\classes\programming ii\fieagameengine\source\library\obj\win32\debug\reaction.obj
c:\dev\cohort11-public\classes\programming ii\fieagameengine\source\library\obj\win32\debug\reactionattributed.obj
c:\dev\cohort11-public\classes\programming ii\fieagameengine\source\library\obj\win32\debug\scope.obj
c:\dev\cohort11-public\classes\programming ii\fieagameengine\source\library\obj\win32\debug\sector.obj
c:\dev\cohort11-public\classes\programming ii\fieagameengine\source\library\obj\win32\debug\world.obj
c:\dev\cohort11-public\classes\programming ii\fieagameengine\source\library\obj\win32\debug\worldstate.obj
c:\dev\cohort11-public\classes\programming ii\fieagameengine\source\library\obj\win32\debug\xmlparsehelperaction.obj
c:\dev\cohort11-public\classes\programming ii\fieagameengine\source\library\obj\win32\debug\xmlparsehelperentity.obj
c:\dev\cohort11-public\classes\programming ii\fieagameengine\source\library\obj\win32\debug\xmlparsehelpersector.obj
c:\dev\cohort11-public\classes\programming ii\fieagameengine\source\library\obj\win32\debug\xmlparsehelpertable.obj
c:\dev\cohort11-public\classes\programming ii\fieagameengine\source\library\obj\win32\debug\xmlparsehelperworld.obj
c:\dev\cohort11-public\classes\programming ii\fieagameengine\source\library\obj\win32\debug\xmlparsemaster.obj
c:\dev\cohort11-public\classes\programming ii\fieagameengine\source\library\obj\win32\debug\action.obj
c:\dev\cohort11-public\classes\programming ii\fieagameengine\source\library\obj\win32\debug\actionevent.obj
c:\dev\cohort11-public\classes\programming ii\fieagameengine\source\library\obj\win32\debug\actionlist.obj
c:\dev\cohort11-public\classes\programming ii\fieagameengine\source\library\obj\win32\debug\actionlistif.obj
c:\dev\cohort11-public\classes\programming ii\fieagameengine\source\library\obj\win32\debug\actionprint.obj
c:\dev\cohort11-public\classes\programming ii\fieagameengine\source\library\obj\win32\debug\attributed.obj
c:\dev\cohort11-public\classes\programming ii\fieagameengine\source\library\obj\win32\debug\attributedfoo.obj
c:\dev\cohort11-public\classes\programming ii\fieagameengine\source\library\bin\win32\debug\libraryd.lib
c:\dev\cohort11-public\classes\programming ii\fieagameengine\source\library\obj\win32\debug\library.tlog\cl.command.1.tlog
c:\dev\cohort11-public\classes\programming ii\fieagameengine\source\library\obj\win32\debug\library.tlog\cl.read.1.tlog
c:\dev\cohort11-public\classes\programming ii\fieagameengine\source\library\obj\win32\debug\library.tlog\cl.write.1.tlog
c:\dev\cohort11-public\classes\programming ii\fieagameengine\source\library\obj\win32\debug\library.tlog\lib-link.read.1.tlog
c:\dev\cohort11-public\classes\programming ii\fieagameengine\source\library\obj\win32\debug\library.tlog\lib-link.write.1.tlog
c:\dev\cohort11-public\classes\programming ii\fieagameengine\source\library\obj\win32\debug\library.tlog\lib.command.1.tlog
